Determining if the pthread_create exist failed with the following output:
Change Dir: /HOME/baris.ozcan/ImageCLEF/src/cmake-build-debug/CMakeFiles/CMakeTmp

Run Build Command:"/bin/gmake" "cmTC_420c5/fast"
gmake: Warning: File `Makefile' has modification time 1.5 s in the future
/bin/gmake -f CMakeFiles/cmTC_420c5.dir/build.make CMakeFiles/cmTC_420c5.dir/build
gmake[1]: Entering directory `/HOME/baris.ozcan/ImageCLEF/src/cmake-build-debug/CMakeFiles/CMakeTmp'
gmake[1]: Warning: File `CMakeFiles/cmTC_420c5.dir/flags.make' has modification time 1.4 s in the future
Building C object CMakeFiles/cmTC_420c5.dir/CheckSymbolExists.c.o
/usr/lib64/ccache/cc   -fPIC    -o CMakeFiles/cmTC_420c5.dir/CheckSymbolExists.c.o   -c /HOME/baris.ozcan/ImageCLEF/src/cmake-build-debug/CMakeFiles/CMakeTmp/CheckSymbolExists.c
Linking C executable cmTC_420c5
/SHARE/Apps/clion/bin/cmake/bin/cmake -E cmake_link_script CMakeFiles/cmTC_420c5.dir/link.txt --verbose=1
/usr/lib64/ccache/cc -fPIC     -rdynamic CMakeFiles/cmTC_420c5.dir/CheckSymbolExists.c.o  -o cmTC_420c5 
CMakeFiles/cmTC_420c5.dir/CheckSymbolExists.c.o: In function `main':
CheckSymbolExists.c:(.text+0x1b): undefined reference to `pthread_create'
collect2: error: ld returned 1 exit status
gmake[1]: *** [cmTC_420c5] Error 1
gmake[1]: Leaving directory `/HOME/baris.ozcan/ImageCLEF/src/cmake-build-debug/CMakeFiles/CMakeTmp'
gmake: *** [cmTC_420c5/fast] Error 2

File /HOME/baris.ozcan/ImageCLEF/src/cmake-build-debug/CMakeFiles/CMakeTmp/CheckSymbolExists.c:
/* */
#include <pthread.h>

int main(int argc, char** argv)
{
  (void)argv;
#ifndef pthread_create
  return ((int*)(&pthread_create))[argc];
#else
  (void)argc;
  return 0;
#endif
}

Determining if the function pthread_create exists in the pthreads failed with the following output:
Change Dir: /HOME/baris.ozcan/ImageCLEF/src/cmake-build-debug/CMakeFiles/CMakeTmp

Run Build Command:"/bin/gmake" "cmTC_9e534/fast"
gmake: Warning: File `Makefile' has modification time 1.5 s in the future
/bin/gmake -f CMakeFiles/cmTC_9e534.dir/build.make CMakeFiles/cmTC_9e534.dir/build
gmake[1]: Entering directory `/HOME/baris.ozcan/ImageCLEF/src/cmake-build-debug/CMakeFiles/CMakeTmp'
gmake[1]: Warning: File `CMakeFiles/cmTC_9e534.dir/flags.make' has modification time 1.4 s in the future
Building C object CMakeFiles/cmTC_9e534.dir/CheckFunctionExists.c.o
/usr/lib64/ccache/cc   -fPIC -DCHECK_FUNCTION_EXISTS=pthread_create   -o CMakeFiles/cmTC_9e534.dir/CheckFunctionExists.c.o   -c /SHARE/Apps/clion/bin/cmake/share/cmake-3.8/Modules/CheckFunctionExists.c
Linking C executable cmTC_9e534
/SHARE/Apps/clion/bin/cmake/bin/cmake -E cmake_link_script CMakeFiles/cmTC_9e534.dir/link.txt --verbose=1
/usr/lib64/ccache/cc -fPIC -DCHECK_FUNCTION_EXISTS=pthread_create    -rdynamic CMakeFiles/cmTC_9e534.dir/CheckFunctionExists.c.o  -o cmTC_9e534 -lpthreads 
/bin/ld: cannot find -lpthreads
collect2: error: ld returned 1 exit status
gmake[1]: *** [cmTC_9e534] Error 1
gmake[1]: Leaving directory `/HOME/baris.ozcan/ImageCLEF/src/cmake-build-debug/CMakeFiles/CMakeTmp'
gmake: *** [cmTC_9e534/fast] Error 2


